<?xml version="1.0" encoding="UTF-8"?>
<!-- Generated by org.testng.reporters.JUnitReportReporter -->
<testsuite hostname="DESKTOP-FCGJ9OD" failures="0" tests="5" name="testNG.MutiTestData1" time="24.517" errors="0" timestamp="2022-07-05T16:19:07 IST" skipped="0">
  <testcase classname="testNG.MutiTestData1" name="negativeTestData" time="4.908"/>
  <system-out/>
  <testcase classname="testNG.MutiTestData1" name="negativeTestData" time="4.981"/>
  <system-out/>
  <testcase classname="testNG.MutiTestData1" name="positiveTestData" time="4.524"/>
  <system-out/>
  <testcase classname="testNG.MutiTestData1" name="negativeTestData" time="4.402"/>
  <system-out/>
  <testcase classname="testNG.MutiTestData1" name="negativeTestData" time="5.702"/>
  <system-out/>
</testsuite> <!-- testNG.MutiTestData1 -->
