<?xml version="1.0" encoding="UTF-8"?>
<!-- Generated by org.testng.reporters.JUnitReportReporter -->
<testsuite hostname="DESKTOP-FCGJ9OD" failures="0" tests="2" name="testNG.NewTest1" time="0.020" errors="0" timestamp="2022-07-01T17:54:14 IST" skipped="0">
  <testcase classname="testNG.NewTest1" name="TestCase4" time="0.013"/>
  <system-out/>
  <testcase classname="testNG.NewTest1" name="TestCase5" time="0.007"/>
  <system-out/>
</testsuite> <!-- testNG.NewTest1 -->
