<?xml version="1.0" encoding="UTF-8"?>
<!-- Generated by org.testng.reporters.JUnitReportReporter -->
<testsuite hostname="DESKTOP-FCGJ9OD" failures="0" tests="9" name="pom.LoginTest" time="13.141" errors="0" timestamp="2022-07-12T19:46:13 IST" skipped="0">
  <testcase classname="pom.LoginTest" name="verifyLoginPageTitle" time="0.019"/>
  <system-out/>
  <testcase classname="pom.LoginTest" name="verifyLoginPageUrl" time="0.023"/>
  <system-out/>
  <testcase classname="pom.LoginTest" name="corectUserData" time="9.006"/>
  <system-out/>
  <testcase classname="pom.LoginTest" name="verifyHomePageTitle" time="0.029"/>
  <system-out/>
  <testcase classname="pom.LoginTest" name="verifyHomePageUrl" time="0.025"/>
  <system-out/>
  <testcase classname="pom.LoginTest" name="validUserNameAndInvalidPassword" time="1.531"/>
  <system-out/>
  <testcase classname="pom.LoginTest" name="InvalidUserNameAndInvalidPassword" time="1.711"/>
  <system-out/>
  <testcase classname="pom.LoginTest" name="nullUserNameAndValidPassword" time="0.465"/>
  <system-out/>
  <testcase classname="pom.LoginTest" name="nullUserData" time="0.332"/>
  <system-out/>
</testsuite> <!-- pom.LoginTest -->
