<?xml version="1.0" encoding="UTF-8"?>
<!-- Generated by org.testng.reporters.JUnitReportReporter -->
<testsuite hostname="DESKTOP-FCGJ9OD" failures="0" tests="3" name="testNG.NewTest2" time="0.025" errors="0" timestamp="2022-07-05T11:37:21 IST" skipped="0">
  <testcase classname="testNG.NewTest2" name="Recharge" time="0.003"/>
  <system-out/>
  <testcase classname="testNG.NewTest2" name="Login" time="0.004"/>
  <system-out/>
  <testcase classname="testNG.NewTest2" name="HomePage" time="0.018"/>
  <system-out/>
</testsuite> <!-- testNG.NewTest2 -->
