<?xml version="1.0" encoding="UTF-8"?>
<!-- Generated by org.testng.reporters.JUnitReportReporter -->
<testsuite hostname="DESKTOP-FCGJ9OD" failures="0" tests="4" name="testNG.OrangeHRM_Login" time="67.538" errors="0" timestamp="2022-07-04T16:41:46 IST" skipped="0">
  <testcase classname="testNG.OrangeHRM_Login" name="verifyTitle" time="2.124"/>
  <system-out/>
  <testcase classname="testNG.OrangeHRM_Login" name="login" time="22.539"/>
  <system-out/>
  <testcase classname="testNG.OrangeHRM_Login" name="login" time="37.667"/>
  <system-out/>
  <testcase classname="testNG.OrangeHRM_Login" name="verifyTitle" time="5.208"/>
  <system-out/>
</testsuite> <!-- testNG.OrangeHRM_Login -->
