<?xml version="1.0" encoding="UTF-8"?>
<!-- Generated by org.testng.reporters.JUnitReportReporter -->
<testsuite hostname="DESKTOP-FCGJ9OD" failures="0" tests="2" name="testNG.MutiTestDataUsingProvider" time="32.219" errors="0" timestamp="2022-07-05T16:25:25 IST" skipped="0">
  <testcase classname="testNG.MutiTestDataUsingProvider" name="login" time="5.465"/>
  <system-out/>
  <testcase classname="testNG.MutiTestDataUsingProvider" name="login" time="26.754"/>
  <system-out/>
</testsuite> <!-- testNG.MutiTestDataUsingProvider -->
