<?xml version="1.0" encoding="UTF-8"?>
<!-- Generated by org.testng.reporters.JUnitReportReporter -->
<testsuite hostname="DESKTOP-FCGJ9OD" failures="0" tests="4" name="testNG.NewTest" time="38.986" errors="0" timestamp="2022-07-18T16:31:49 IST" skipped="0">
  <testcase classname="testNG.NewTest" name="verfyTitle" time="0.025"/>
  <system-out/>
  <testcase classname="testNG.NewTest" name="testCase1" time="15.929"/>
  <system-out/>
  <testcase classname="testNG.NewTest" name="verfyTitle" time="12.897"/>
  <system-out/>
  <testcase classname="testNG.NewTest" name="testCase1" time="10.135"/>
  <system-out/>
</testsuite> <!-- testNG.NewTest -->
