<?xml version="1.0" encoding="UTF-8"?>
<!-- Generated by org.testng.reporters.JUnitReportReporter -->
<testsuite hostname="DESKTOP-FCGJ9OD" failures="0" tests="3" name="testNG.MultiTestData2" time="32.275" errors="0" timestamp="2022-07-04T23:54:24 IST" skipped="0">
  <testcase classname="testNG.MultiTestData2" name="login" time="5.984"/>
  <system-out/>
  <testcase classname="testNG.MultiTestData2" name="login" time="12.276"/>
  <system-out/>
  <testcase classname="testNG.MultiTestData2" name="login" time="14.015"/>
  <system-out/>
</testsuite> <!-- testNG.MultiTestData2 -->
