<?xml version="1.0" encoding="UTF-8"?>
<!-- Generated by org.testng.reporters.JUnitReportReporter -->
<testsuite hostname="DESKTOP-FCGJ9OD" failures="0" tests="2" name="testNG.AssertionMethods" time="0.243" errors="0" timestamp="2022-07-10T00:51:51 IST" skipped="0">
  <testcase classname="testNG.AssertionMethods" name="verifyButton" time="0.230"/>
  <system-out/>
  <testcase classname="testNG.AssertionMethods" name="verifyTitle" time="0.013"/>
  <system-out/>
</testsuite> <!-- testNG.AssertionMethods -->
