<?xml version="1.0" encoding="UTF-8"?>
<!-- Generated by org.testng.reporters.JUnitReportReporter -->
<testsuite hostname="DESKTOP-FCGJ9OD" failures="0" tests="4" name="testNG.Group" time="1.867" errors="0" timestamp="2022-07-09T00:26:13 IST" skipped="0">
  <testcase classname="testNG.Group" name="verifyTitle" time="0.797"/>
  <system-out/>
  <testcase classname="testNG.Group" name="verifyUrl" time="0.037"/>
  <system-out/>
  <testcase classname="testNG.Group" name="verifyLoginButton" time="0.262"/>
  <system-out/>
  <testcase classname="testNG.Group" name="verifyCreateNewAccountButton" time="0.771"/>
  <system-out/>
</testsuite> <!-- testNG.Group -->
